I, [2018-09-16T21:33:52.969160 #22719]  INFO -- : [1b8cbb7a-2748-4e38-a73d-27fa87cec434] Started GET "/" for 127.0.0.1 at 2018-09-16 21:33:52 +0200
I, [2018-09-16T21:33:52.977812 #22719]  INFO -- : [1b8cbb7a-2748-4e38-a73d-27fa87cec434] Processing by HomeController#index as HTML
I, [2018-09-16T21:33:53.058607 #22719]  INFO -- : [1b8cbb7a-2748-4e38-a73d-27fa87cec434]   Rendering home/index.html.erb within layouts/application
I, [2018-09-16T21:33:53.080852 #22719]  INFO -- : [1b8cbb7a-2748-4e38-a73d-27fa87cec434]   Rendered home/index.html.erb within layouts/application (22.0ms)
I, [2018-09-16T21:33:53.110316 #22719]  INFO -- : [1b8cbb7a-2748-4e38-a73d-27fa87cec434]   Rendered layouts/_header.html.erb (19.9ms)
I, [2018-09-16T21:33:53.135983 #22719]  INFO -- : [1b8cbb7a-2748-4e38-a73d-27fa87cec434]   Rendered layouts/_footer.html.erb (0.7ms)
I, [2018-09-16T21:33:53.137543 #22719]  INFO -- : [1b8cbb7a-2748-4e38-a73d-27fa87cec434] Completed 200 OK in 159ms (Views: 132.9ms)
I, [2018-09-16T21:33:53.519733 #22719]  INFO -- : [4fc0a4f1-de63-4c92-8c6b-99b5fbe4d48e] Started GET "/assets/application-19a181fb48b6dfc764b472c670d35485e6c9c3bb67d5fcfc3639ad82dd83cf44.css" for 127.0.0.1 at 2018-09-16 21:33:53 +0200
F, [2018-09-16T21:33:53.522018 #22719] FATAL -- : [4fc0a4f1-de63-4c92-8c6b-99b5fbe4d48e]   
F, [2018-09-16T21:33:53.522389 #22719] FATAL -- : [4fc0a4f1-de63-4c92-8c6b-99b5fbe4d48e] ActionController::RoutingError (No route matches [GET] "/assets/application-19a181fb48b6dfc764b472c670d35485e6c9c3bb67d5fcfc3639ad82dd83cf44.css"):
F, [2018-09-16T21:33:53.522517 #22719] FATAL -- : [4fc0a4f1-de63-4c92-8c6b-99b5fbe4d48e]   
F, [2018-09-16T21:33:53.522640 #22719] FATAL -- : [4fc0a4f1-de63-4c92-8c6b-99b5fbe4d48e] actionpack (5.2.1) lib/action_dispatch/middleware/debug_exceptions.rb:65:in `call'
[4fc0a4f1-de63-4c92-8c6b-99b5fbe4d48e] actionpack (5.2.1) lib/action_dispatch/middleware/show_exceptions.rb:33:in `call'
[4fc0a4f1-de63-4c92-8c6b-99b5fbe4d48e] railties (5.2.1) lib/rails/rack/logger.rb:38:in `call_app'
[4fc0a4f1-de63-4c92-8c6b-99b5fbe4d48e] railties (5.2.1) lib/rails/rack/logger.rb:26:in `block in call'
[4fc0a4f1-de63-4c92-8c6b-99b5fbe4d48e] activesupport (5.2.1) lib/active_support/tagged_logging.rb:71:in `block in tagged'
[4fc0a4f1-de63-4c92-8c6b-99b5fbe4d48e] activesupport (5.2.1) lib/active_support/tagged_logging.rb:28:in `tagged'
[4fc0a4f1-de63-4c92-8c6b-99b5fbe4d48e] activesupport (5.2.1) lib/active_support/tagged_logging.rb:71:in `tagged'
[4fc0a4f1-de63-4c92-8c6b-99b5fbe4d48e] railties (5.2.1) lib/rails/rack/logger.rb:26:in `call'
[4fc0a4f1-de63-4c92-8c6b-99b5fbe4d48e] actionpack (5.2.1) lib/action_dispatch/middleware/remote_ip.rb:81:in `call'
[4fc0a4f1-de63-4c92-8c6b-99b5fbe4d48e] actionpack (5.2.1) lib/action_dispatch/middleware/request_id.rb:27:in `call'
[4fc0a4f1-de63-4c92-8c6b-99b5fbe4d48e] rack (2.0.5) lib/rack/method_override.rb:22:in `call'
[4fc0a4f1-de63-4c92-8c6b-99b5fbe4d48e] rack (2.0.5) lib/rack/runtime.rb:22:in `call'
[4fc0a4f1-de63-4c92-8c6b-99b5fbe4d48e] activesupport (5.2.1) lib/active_support/cache/strategy/local_cache_middleware.rb:29:in `call'
[4fc0a4f1-de63-4c92-8c6b-99b5fbe4d48e] actionpack (5.2.1) lib/action_dispatch/middleware/executor.rb:14:in `call'
[4fc0a4f1-de63-4c92-8c6b-99b5fbe4d48e] rack (2.0.5) lib/rack/sendfile.rb:111:in `call'
[4fc0a4f1-de63-4c92-8c6b-99b5fbe4d48e] railties (5.2.1) lib/rails/engine.rb:524:in `call'
[4fc0a4f1-de63-4c92-8c6b-99b5fbe4d48e] puma (3.12.0) lib/puma/configuration.rb:225:in `call'
[4fc0a4f1-de63-4c92-8c6b-99b5fbe4d48e] puma (3.12.0) lib/puma/server.rb:658:in `handle_request'
[4fc0a4f1-de63-4c92-8c6b-99b5fbe4d48e] puma (3.12.0) lib/puma/server.rb:472:in `process_client'
[4fc0a4f1-de63-4c92-8c6b-99b5fbe4d48e] puma (3.12.0) lib/puma/server.rb:332:in `block in run'
[4fc0a4f1-de63-4c92-8c6b-99b5fbe4d48e] puma (3.12.0) lib/puma/thread_pool.rb:133:in `block in spawn_thread'
I, [2018-09-16T21:33:53.553880 #22719]  INFO -- : [90b3b33f-7105-4351-923c-4c6b90d1c638] Started GET "/assets/style-aa8fcd15426fa96ef8716e8baa5fb6f27d167ecadfff726864995ee110612374.css" for 127.0.0.1 at 2018-09-16 21:33:53 +0200
F, [2018-09-16T21:33:53.555938 #22719] FATAL -- : [90b3b33f-7105-4351-923c-4c6b90d1c638]   
F, [2018-09-16T21:33:53.556060 #22719] FATAL -- : [90b3b33f-7105-4351-923c-4c6b90d1c638] ActionController::RoutingError (No route matches [GET] "/assets/style-aa8fcd15426fa96ef8716e8baa5fb6f27d167ecadfff726864995ee110612374.css"):
F, [2018-09-16T21:33:53.556117 #22719] FATAL -- : [90b3b33f-7105-4351-923c-4c6b90d1c638]   
F, [2018-09-16T21:33:53.556534 #22719] FATAL -- : [90b3b33f-7105-4351-923c-4c6b90d1c638] actionpack (5.2.1) lib/action_dispatch/middleware/debug_exceptions.rb:65:in `call'
[90b3b33f-7105-4351-923c-4c6b90d1c638] actionpack (5.2.1) lib/action_dispatch/middleware/show_exceptions.rb:33:in `call'
[90b3b33f-7105-4351-923c-4c6b90d1c638] railties (5.2.1) lib/rails/rack/logger.rb:38:in `call_app'
[90b3b33f-7105-4351-923c-4c6b90d1c638] railties (5.2.1) lib/rails/rack/logger.rb:26:in `block in call'
[90b3b33f-7105-4351-923c-4c6b90d1c638] activesupport (5.2.1) lib/active_support/tagged_logging.rb:71:in `block in tagged'
[90b3b33f-7105-4351-923c-4c6b90d1c638] activesupport (5.2.1) lib/active_support/tagged_logging.rb:28:in `tagged'
[90b3b33f-7105-4351-923c-4c6b90d1c638] activesupport (5.2.1) lib/active_support/tagged_logging.rb:71:in `tagged'
[90b3b33f-7105-4351-923c-4c6b90d1c638] railties (5.2.1) lib/rails/rack/logger.rb:26:in `call'
[90b3b33f-7105-4351-923c-4c6b90d1c638] actionpack (5.2.1) lib/action_dispatch/middleware/remote_ip.rb:81:in `call'
[90b3b33f-7105-4351-923c-4c6b90d1c638] actionpack (5.2.1) lib/action_dispatch/middleware/request_id.rb:27:in `call'
[90b3b33f-7105-4351-923c-4c6b90d1c638] rack (2.0.5) lib/rack/method_override.rb:22:in `call'
[90b3b33f-7105-4351-923c-4c6b90d1c638] rack (2.0.5) lib/rack/runtime.rb:22:in `call'
[90b3b33f-7105-4351-923c-4c6b90d1c638] activesupport (5.2.1) lib/active_support/cache/strategy/local_cache_middleware.rb:29:in `call'
[90b3b33f-7105-4351-923c-4c6b90d1c638] actionpack (5.2.1) lib/action_dispatch/middleware/executor.rb:14:in `call'
[90b3b33f-7105-4351-923c-4c6b90d1c638] rack (2.0.5) lib/rack/sendfile.rb:111:in `call'
[90b3b33f-7105-4351-923c-4c6b90d1c638] railties (5.2.1) lib/rails/engine.rb:524:in `call'
[90b3b33f-7105-4351-923c-4c6b90d1c638] puma (3.12.0) lib/puma/configuration.rb:225:in `call'
[90b3b33f-7105-4351-923c-4c6b90d1c638] puma (3.12.0) lib/puma/server.rb:658:in `handle_request'
[90b3b33f-7105-4351-923c-4c6b90d1c638] puma (3.12.0) lib/puma/server.rb:472:in `process_client'
[90b3b33f-7105-4351-923c-4c6b90d1c638] puma (3.12.0) lib/puma/server.rb:332:in `block in run'
[90b3b33f-7105-4351-923c-4c6b90d1c638] puma (3.12.0) lib/puma/thread_pool.rb:133:in `block in spawn_thread'
I, [2018-09-16T21:33:53.569501 #22719]  INFO -- : [db85a924-8018-44ce-b5d9-924f437e8760] Started GET "/assets/application-034ca15e1d8f94a6d11763cb1fe20acc000281a6d74ef1a5b46a74e04f505543.js" for 127.0.0.1 at 2018-09-16 21:33:53 +0200
F, [2018-09-16T21:33:53.571053 #22719] FATAL -- : [db85a924-8018-44ce-b5d9-924f437e8760]   
F, [2018-09-16T21:33:53.571203 #22719] FATAL -- : [db85a924-8018-44ce-b5d9-924f437e8760] ActionController::RoutingError (No route matches [GET] "/assets/application-034ca15e1d8f94a6d11763cb1fe20acc000281a6d74ef1a5b46a74e04f505543.js"):
F, [2018-09-16T21:33:53.571302 #22719] FATAL -- : [db85a924-8018-44ce-b5d9-924f437e8760]   
F, [2018-09-16T21:33:53.571369 #22719] FATAL -- : [db85a924-8018-44ce-b5d9-924f437e8760] actionpack (5.2.1) lib/action_dispatch/middleware/debug_exceptions.rb:65:in `call'
[db85a924-8018-44ce-b5d9-924f437e8760] actionpack (5.2.1) lib/action_dispatch/middleware/show_exceptions.rb:33:in `call'
[db85a924-8018-44ce-b5d9-924f437e8760] railties (5.2.1) lib/rails/rack/logger.rb:38:in `call_app'
[db85a924-8018-44ce-b5d9-924f437e8760] railties (5.2.1) lib/rails/rack/logger.rb:26:in `block in call'
[db85a924-8018-44ce-b5d9-924f437e8760] activesupport (5.2.1) lib/active_support/tagged_logging.rb:71:in `block in tagged'
[db85a924-8018-44ce-b5d9-924f437e8760] activesupport (5.2.1) lib/active_support/tagged_logging.rb:28:in `tagged'
[db85a924-8018-44ce-b5d9-924f437e8760] activesupport (5.2.1) lib/active_support/tagged_logging.rb:71:in `tagged'
[db85a924-8018-44ce-b5d9-924f437e8760] railties (5.2.1) lib/rails/rack/logger.rb:26:in `call'
[db85a924-8018-44ce-b5d9-924f437e8760] actionpack (5.2.1) lib/action_dispatch/middleware/remote_ip.rb:81:in `call'
[db85a924-8018-44ce-b5d9-924f437e8760] actionpack (5.2.1) lib/action_dispatch/middleware/request_id.rb:27:in `call'
[db85a924-8018-44ce-b5d9-924f437e8760] rack (2.0.5) lib/rack/method_override.rb:22:in `call'
[db85a924-8018-44ce-b5d9-924f437e8760] rack (2.0.5) lib/rack/runtime.rb:22:in `call'
[db85a924-8018-44ce-b5d9-924f437e8760] activesupport (5.2.1) lib/active_support/cache/strategy/local_cache_middleware.rb:29:in `call'
[db85a924-8018-44ce-b5d9-924f437e8760] actionpack (5.2.1) lib/action_dispatch/middleware/executor.rb:14:in `call'
[db85a924-8018-44ce-b5d9-924f437e8760] rack (2.0.5) lib/rack/sendfile.rb:111:in `call'
[db85a924-8018-44ce-b5d9-924f437e8760] railties (5.2.1) lib/rails/engine.rb:524:in `call'
[db85a924-8018-44ce-b5d9-924f437e8760] puma (3.12.0) lib/puma/configuration.rb:225:in `call'
[db85a924-8018-44ce-b5d9-924f437e8760] puma (3.12.0) lib/puma/server.rb:658:in `handle_request'
[db85a924-8018-44ce-b5d9-924f437e8760] puma (3.12.0) lib/puma/server.rb:472:in `process_client'
[db85a924-8018-44ce-b5d9-924f437e8760] puma (3.12.0) lib/puma/server.rb:332:in `block in run'
[db85a924-8018-44ce-b5d9-924f437e8760] puma (3.12.0) lib/puma/thread_pool.rb:133:in `block in spawn_thread'
I, [2018-09-16T21:33:53.579402 #22719]  INFO -- : [e9e1ad34-3802-4815-9850-e9d183d72d80] Started GET "/images/logo-light.png" for 127.0.0.1 at 2018-09-16 21:33:53 +0200
F, [2018-09-16T21:33:53.581340 #22719] FATAL -- : [e9e1ad34-3802-4815-9850-e9d183d72d80]   
F, [2018-09-16T21:33:53.581463 #22719] FATAL -- : [e9e1ad34-3802-4815-9850-e9d183d72d80] ActionController::RoutingError (No route matches [GET] "/images/logo-light.png"):
F, [2018-09-16T21:33:53.581527 #22719] FATAL -- : [e9e1ad34-3802-4815-9850-e9d183d72d80]   
F, [2018-09-16T21:33:53.581639 #22719] FATAL -- : [e9e1ad34-3802-4815-9850-e9d183d72d80] actionpack (5.2.1) lib/action_dispatch/middleware/debug_exceptions.rb:65:in `call'
[e9e1ad34-3802-4815-9850-e9d183d72d80] actionpack (5.2.1) lib/action_dispatch/middleware/show_exceptions.rb:33:in `call'
[e9e1ad34-3802-4815-9850-e9d183d72d80] railties (5.2.1) lib/rails/rack/logger.rb:38:in `call_app'
[e9e1ad34-3802-4815-9850-e9d183d72d80] railties (5.2.1) lib/rails/rack/logger.rb:26:in `block in call'
[e9e1ad34-3802-4815-9850-e9d183d72d80] activesupport (5.2.1) lib/active_support/tagged_logging.rb:71:in `block in tagged'
[e9e1ad34-3802-4815-9850-e9d183d72d80] activesupport (5.2.1) lib/active_support/tagged_logging.rb:28:in `tagged'
[e9e1ad34-3802-4815-9850-e9d183d72d80] activesupport (5.2.1) lib/active_support/tagged_logging.rb:71:in `tagged'
[e9e1ad34-3802-4815-9850-e9d183d72d80] railties (5.2.1) lib/rails/rack/logger.rb:26:in `call'
[e9e1ad34-3802-4815-9850-e9d183d72d80] actionpack (5.2.1) lib/action_dispatch/middleware/remote_ip.rb:81:in `call'
[e9e1ad34-3802-4815-9850-e9d183d72d80] actionpack (5.2.1) lib/action_dispatch/middleware/request_id.rb:27:in `call'
[e9e1ad34-3802-4815-9850-e9d183d72d80] rack (2.0.5) lib/rack/method_override.rb:22:in `call'
[e9e1ad34-3802-4815-9850-e9d183d72d80] rack (2.0.5) lib/rack/runtime.rb:22:in `call'
[e9e1ad34-3802-4815-9850-e9d183d72d80] activesupport (5.2.1) lib/active_support/cache/strategy/local_cache_middleware.rb:29:in `call'
[e9e1ad34-3802-4815-9850-e9d183d72d80] actionpack (5.2.1) lib/action_dispatch/middleware/executor.rb:14:in `call'
[e9e1ad34-3802-4815-9850-e9d183d72d80] rack (2.0.5) lib/rack/sendfile.rb:111:in `call'
[e9e1ad34-3802-4815-9850-e9d183d72d80] railties (5.2.1) lib/rails/engine.rb:524:in `call'
[e9e1ad34-3802-4815-9850-e9d183d72d80] puma (3.12.0) lib/puma/configuration.rb:225:in `call'
[e9e1ad34-3802-4815-9850-e9d183d72d80] puma (3.12.0) lib/puma/server.rb:658:in `handle_request'
[e9e1ad34-3802-4815-9850-e9d183d72d80] puma (3.12.0) lib/puma/server.rb:472:in `process_client'
[e9e1ad34-3802-4815-9850-e9d183d72d80] puma (3.12.0) lib/puma/server.rb:332:in `block in run'
[e9e1ad34-3802-4815-9850-e9d183d72d80] puma (3.12.0) lib/puma/thread_pool.rb:133:in `block in spawn_thread'
I, [2018-09-16T21:33:53.583835 #22719]  INFO -- : [7b6a492e-7814-42b0-8c4c-fa25354a1427] Started GET "/images/logo.png" for 127.0.0.1 at 2018-09-16 21:33:53 +0200
F, [2018-09-16T21:33:53.585558 #22719] FATAL -- : [7b6a492e-7814-42b0-8c4c-fa25354a1427]   
F, [2018-09-16T21:33:53.585769 #22719] FATAL -- : [7b6a492e-7814-42b0-8c4c-fa25354a1427] ActionController::RoutingError (No route matches [GET] "/images/logo.png"):
F, [2018-09-16T21:33:53.585836 #22719] FATAL -- : [7b6a492e-7814-42b0-8c4c-fa25354a1427]   
F, [2018-09-16T21:33:53.585913 #22719] FATAL -- : [7b6a492e-7814-42b0-8c4c-fa25354a1427] actionpack (5.2.1) lib/action_dispatch/middleware/debug_exceptions.rb:65:in `call'
[7b6a492e-7814-42b0-8c4c-fa25354a1427] actionpack (5.2.1) lib/action_dispatch/middleware/show_exceptions.rb:33:in `call'
[7b6a492e-7814-42b0-8c4c-fa25354a1427] railties (5.2.1) lib/rails/rack/logger.rb:38:in `call_app'
[7b6a492e-7814-42b0-8c4c-fa25354a1427] railties (5.2.1) lib/rails/rack/logger.rb:26:in `block in call'
[7b6a492e-7814-42b0-8c4c-fa25354a1427] activesupport (5.2.1) lib/active_support/tagged_logging.rb:71:in `block in tagged'
[7b6a492e-7814-42b0-8c4c-fa25354a1427] activesupport (5.2.1) lib/active_support/tagged_logging.rb:28:in `tagged'
[7b6a492e-7814-42b0-8c4c-fa25354a1427] activesupport (5.2.1) lib/active_support/tagged_logging.rb:71:in `tagged'
[7b6a492e-7814-42b0-8c4c-fa25354a1427] railties (5.2.1) lib/rails/rack/logger.rb:26:in `call'
[7b6a492e-7814-42b0-8c4c-fa25354a1427] actionpack (5.2.1) lib/action_dispatch/middleware/remote_ip.rb:81:in `call'
[7b6a492e-7814-42b0-8c4c-fa25354a1427] actionpack (5.2.1) lib/action_dispatch/middleware/request_id.rb:27:in `call'
[7b6a492e-7814-42b0-8c4c-fa25354a1427] rack (2.0.5) lib/rack/method_override.rb:22:in `call'
[7b6a492e-7814-42b0-8c4c-fa25354a1427] rack (2.0.5) lib/rack/runtime.rb:22:in `call'
[7b6a492e-7814-42b0-8c4c-fa25354a1427] activesupport (5.2.1) lib/active_support/cache/strategy/local_cache_middleware.rb:29:in `call'
[7b6a492e-7814-42b0-8c4c-fa25354a1427] actionpack (5.2.1) lib/action_dispatch/middleware/executor.rb:14:in `call'
[7b6a492e-7814-42b0-8c4c-fa25354a1427] rack (2.0.5) lib/rack/sendfile.rb:111:in `call'
[7b6a492e-7814-42b0-8c4c-fa25354a1427] railties (5.2.1) lib/rails/engine.rb:524:in `call'
[7b6a492e-7814-42b0-8c4c-fa25354a1427] puma (3.12.0) lib/puma/configuration.rb:225:in `call'
[7b6a492e-7814-42b0-8c4c-fa25354a1427] puma (3.12.0) lib/puma/server.rb:658:in `handle_request'
[7b6a492e-7814-42b0-8c4c-fa25354a1427] puma (3.12.0) lib/puma/server.rb:472:in `process_client'
[7b6a492e-7814-42b0-8c4c-fa25354a1427] puma (3.12.0) lib/puma/server.rb:332:in `block in run'
[7b6a492e-7814-42b0-8c4c-fa25354a1427] puma (3.12.0) lib/puma/thread_pool.rb:133:in `block in spawn_thread'
I, [2018-09-16T21:33:54.171656 #22719]  INFO -- : [cd581b55-2ba9-4eb3-998a-210ac59a24df] Started GET "/assets/style-aa8fcd15426fa96ef8716e8baa5fb6f27d167ecadfff726864995ee110612374.css" for 127.0.0.1 at 2018-09-16 21:33:54 +0200
F, [2018-09-16T21:33:54.172609 #22719] FATAL -- : [cd581b55-2ba9-4eb3-998a-210ac59a24df]   
F, [2018-09-16T21:33:54.172832 #22719] FATAL -- : [cd581b55-2ba9-4eb3-998a-210ac59a24df] ActionController::RoutingError (No route matches [GET] "/assets/style-aa8fcd15426fa96ef8716e8baa5fb6f27d167ecadfff726864995ee110612374.css"):
F, [2018-09-16T21:33:54.173184 #22719] FATAL -- : [cd581b55-2ba9-4eb3-998a-210ac59a24df]   
F, [2018-09-16T21:33:54.173252 #22719] FATAL -- : [cd581b55-2ba9-4eb3-998a-210ac59a24df] actionpack (5.2.1) lib/action_dispatch/middleware/debug_exceptions.rb:65:in `call'
[cd581b55-2ba9-4eb3-998a-210ac59a24df] actionpack (5.2.1) lib/action_dispatch/middleware/show_exceptions.rb:33:in `call'
[cd581b55-2ba9-4eb3-998a-210ac59a24df] railties (5.2.1) lib/rails/rack/logger.rb:38:in `call_app'
[cd581b55-2ba9-4eb3-998a-210ac59a24df] railties (5.2.1) lib/rails/rack/logger.rb:26:in `block in call'
[cd581b55-2ba9-4eb3-998a-210ac59a24df] activesupport (5.2.1) lib/active_support/tagged_logging.rb:71:in `block in tagged'
[cd581b55-2ba9-4eb3-998a-210ac59a24df] activesupport (5.2.1) lib/active_support/tagged_logging.rb:28:in `tagged'
[cd581b55-2ba9-4eb3-998a-210ac59a24df] activesupport (5.2.1) lib/active_support/tagged_logging.rb:71:in `tagged'
[cd581b55-2ba9-4eb3-998a-210ac59a24df] railties (5.2.1) lib/rails/rack/logger.rb:26:in `call'
[cd581b55-2ba9-4eb3-998a-210ac59a24df] actionpack (5.2.1) lib/action_dispatch/middleware/remote_ip.rb:81:in `call'
[cd581b55-2ba9-4eb3-998a-210ac59a24df] actionpack (5.2.1) lib/action_dispatch/middleware/request_id.rb:27:in `call'
[cd581b55-2ba9-4eb3-998a-210ac59a24df] rack (2.0.5) lib/rack/method_override.rb:22:in `call'
[cd581b55-2ba9-4eb3-998a-210ac59a24df] rack (2.0.5) lib/rack/runtime.rb:22:in `call'
[cd581b55-2ba9-4eb3-998a-210ac59a24df] activesupport (5.2.1) lib/active_support/cache/strategy/local_cache_middleware.rb:29:in `call'
[cd581b55-2ba9-4eb3-998a-210ac59a24df] actionpack (5.2.1) lib/action_dispatch/middleware/executor.rb:14:in `call'
[cd581b55-2ba9-4eb3-998a-210ac59a24df] rack (2.0.5) lib/rack/sendfile.rb:111:in `call'
[cd581b55-2ba9-4eb3-998a-210ac59a24df] railties (5.2.1) lib/rails/engine.rb:524:in `call'
[cd581b55-2ba9-4eb3-998a-210ac59a24df] puma (3.12.0) lib/puma/configuration.rb:225:in `call'
[cd581b55-2ba9-4eb3-998a-210ac59a24df] puma (3.12.0) lib/puma/server.rb:658:in `handle_request'
[cd581b55-2ba9-4eb3-998a-210ac59a24df] puma (3.12.0) lib/puma/server.rb:472:in `process_client'
[cd581b55-2ba9-4eb3-998a-210ac59a24df] puma (3.12.0) lib/puma/server.rb:332:in `block in run'
[cd581b55-2ba9-4eb3-998a-210ac59a24df] puma (3.12.0) lib/puma/thread_pool.rb:133:in `block in spawn_thread'
I, [2018-09-16T21:33:54.173127 #22719]  INFO -- : [9429fa1d-05e2-41dd-a36e-bda0474422b2] Started GET "/assets/application-034ca15e1d8f94a6d11763cb1fe20acc000281a6d74ef1a5b46a74e04f505543.js" for 127.0.0.1 at 2018-09-16 21:33:54 +0200
F, [2018-09-16T21:33:54.174394 #22719] FATAL -- : [9429fa1d-05e2-41dd-a36e-bda0474422b2]   
F, [2018-09-16T21:33:54.174459 #22719] FATAL -- : [9429fa1d-05e2-41dd-a36e-bda0474422b2] ActionController::RoutingError (No route matches [GET] "/assets/application-034ca15e1d8f94a6d11763cb1fe20acc000281a6d74ef1a5b46a74e04f505543.js"):
F, [2018-09-16T21:33:54.174506 #22719] FATAL -- : [9429fa1d-05e2-41dd-a36e-bda0474422b2]   
F, [2018-09-16T21:33:54.174556 #22719] FATAL -- : [9429fa1d-05e2-41dd-a36e-bda0474422b2] actionpack (5.2.1) lib/action_dispatch/middleware/debug_exceptions.rb:65:in `call'
[9429fa1d-05e2-41dd-a36e-bda0474422b2] actionpack (5.2.1) lib/action_dispatch/middleware/show_exceptions.rb:33:in `call'
[9429fa1d-05e2-41dd-a36e-bda0474422b2] railties (5.2.1) lib/rails/rack/logger.rb:38:in `call_app'
[9429fa1d-05e2-41dd-a36e-bda0474422b2] railties (5.2.1) lib/rails/rack/logger.rb:26:in `block in call'
[9429fa1d-05e2-41dd-a36e-bda0474422b2] activesupport (5.2.1) lib/active_support/tagged_logging.rb:71:in `block in tagged'
[9429fa1d-05e2-41dd-a36e-bda0474422b2] activesupport (5.2.1) lib/active_support/tagged_logging.rb:28:in `tagged'
[9429fa1d-05e2-41dd-a36e-bda0474422b2] activesupport (5.2.1) lib/active_support/tagged_logging.rb:71:in `tagged'
[9429fa1d-05e2-41dd-a36e-bda0474422b2] railties (5.2.1) lib/rails/rack/logger.rb:26:in `call'
[9429fa1d-05e2-41dd-a36e-bda0474422b2] actionpack (5.2.1) lib/action_dispatch/middleware/remote_ip.rb:81:in `call'
[9429fa1d-05e2-41dd-a36e-bda0474422b2] actionpack (5.2.1) lib/action_dispatch/middleware/request_id.rb:27:in `call'
[9429fa1d-05e2-41dd-a36e-bda0474422b2] rack (2.0.5) lib/rack/method_override.rb:22:in `call'
[9429fa1d-05e2-41dd-a36e-bda0474422b2] rack (2.0.5) lib/rack/runtime.rb:22:in `call'
[9429fa1d-05e2-41dd-a36e-bda0474422b2] activesupport (5.2.1) lib/active_support/cache/strategy/local_cache_middleware.rb:29:in `call'
[9429fa1d-05e2-41dd-a36e-bda0474422b2] actionpack (5.2.1) lib/action_dispatch/middleware/executor.rb:14:in `call'
[9429fa1d-05e2-41dd-a36e-bda0474422b2] rack (2.0.5) lib/rack/sendfile.rb:111:in `call'
[9429fa1d-05e2-41dd-a36e-bda0474422b2] railties (5.2.1) lib/rails/engine.rb:524:in `call'
[9429fa1d-05e2-41dd-a36e-bda0474422b2] puma (3.12.0) lib/puma/configuration.rb:225:in `call'
[9429fa1d-05e2-41dd-a36e-bda0474422b2] puma (3.12.0) lib/puma/server.rb:658:in `handle_request'
[9429fa1d-05e2-41dd-a36e-bda0474422b2] puma (3.12.0) lib/puma/server.rb:472:in `process_client'
[9429fa1d-05e2-41dd-a36e-bda0474422b2] puma (3.12.0) lib/puma/server.rb:332:in `block in run'
[9429fa1d-05e2-41dd-a36e-bda0474422b2] puma (3.12.0) lib/puma/thread_pool.rb:133:in `block in spawn_thread'
I, [2018-09-16T21:33:54.325219 #22719]  INFO -- : [0438a4c0-9ae3-419c-bd85-76c2cc7c9b46] Started GET "/assets/forest-566f0096c35845a383c4b456f059e8988a3a8471acd844490467d67d5d43eec7.jpg" for 127.0.0.1 at 2018-09-16 21:33:54 +0200
F, [2018-09-16T21:33:54.327264 #22719] FATAL -- : [0438a4c0-9ae3-419c-bd85-76c2cc7c9b46]   
F, [2018-09-16T21:33:54.327381 #22719] FATAL -- : [0438a4c0-9ae3-419c-bd85-76c2cc7c9b46] ActionController::RoutingError (No route matches [GET] "/assets/forest-566f0096c35845a383c4b456f059e8988a3a8471acd844490467d67d5d43eec7.jpg"):
F, [2018-09-16T21:33:54.327428 #22719] FATAL -- : [0438a4c0-9ae3-419c-bd85-76c2cc7c9b46]   
F, [2018-09-16T21:33:54.327491 #22719] FATAL -- : [0438a4c0-9ae3-419c-bd85-76c2cc7c9b46] actionpack (5.2.1) lib/action_dispatch/middleware/debug_exceptions.rb:65:in `call'
[0438a4c0-9ae3-419c-bd85-76c2cc7c9b46] actionpack (5.2.1) lib/action_dispatch/middleware/show_exceptions.rb:33:in `call'
[0438a4c0-9ae3-419c-bd85-76c2cc7c9b46] railties (5.2.1) lib/rails/rack/logger.rb:38:in `call_app'
[0438a4c0-9ae3-419c-bd85-76c2cc7c9b46] railties (5.2.1) lib/rails/rack/logger.rb:26:in `block in call'
[0438a4c0-9ae3-419c-bd85-76c2cc7c9b46] activesupport (5.2.1) lib/active_support/tagged_logging.rb:71:in `block in tagged'
[0438a4c0-9ae3-419c-bd85-76c2cc7c9b46] activesupport (5.2.1) lib/active_support/tagged_logging.rb:28:in `tagged'
[0438a4c0-9ae3-419c-bd85-76c2cc7c9b46] activesupport (5.2.1) lib/active_support/tagged_logging.rb:71:in `tagged'
[0438a4c0-9ae3-419c-bd85-76c2cc7c9b46] railties (5.2.1) lib/rails/rack/logger.rb:26:in `call'
[0438a4c0-9ae3-419c-bd85-76c2cc7c9b46] actionpack (5.2.1) lib/action_dispatch/middleware/remote_ip.rb:81:in `call'
[0438a4c0-9ae3-419c-bd85-76c2cc7c9b46] actionpack (5.2.1) lib/action_dispatch/middleware/request_id.rb:27:in `call'
[0438a4c0-9ae3-419c-bd85-76c2cc7c9b46] rack (2.0.5) lib/rack/method_override.rb:22:in `call'
[0438a4c0-9ae3-419c-bd85-76c2cc7c9b46] rack (2.0.5) lib/rack/runtime.rb:22:in `call'
[0438a4c0-9ae3-419c-bd85-76c2cc7c9b46] activesupport (5.2.1) lib/active_support/cache/strategy/local_cache_middleware.rb:29:in `call'
[0438a4c0-9ae3-419c-bd85-76c2cc7c9b46] actionpack (5.2.1) lib/action_dispatch/middleware/executor.rb:14:in `call'
[0438a4c0-9ae3-419c-bd85-76c2cc7c9b46] rack (2.0.5) lib/rack/sendfile.rb:111:in `call'
[0438a4c0-9ae3-419c-bd85-76c2cc7c9b46] railties (5.2.1) lib/rails/engine.rb:524:in `call'
[0438a4c0-9ae3-419c-bd85-76c2cc7c9b46] puma (3.12.0) lib/puma/configuration.rb:225:in `call'
[0438a4c0-9ae3-419c-bd85-76c2cc7c9b46] puma (3.12.0) lib/puma/server.rb:658:in `handle_request'
[0438a4c0-9ae3-419c-bd85-76c2cc7c9b46] puma (3.12.0) lib/puma/server.rb:472:in `process_client'
[0438a4c0-9ae3-419c-bd85-76c2cc7c9b46] puma (3.12.0) lib/puma/server.rb:332:in `block in run'
[0438a4c0-9ae3-419c-bd85-76c2cc7c9b46] puma (3.12.0) lib/puma/thread_pool.rb:133:in `block in spawn_thread'
I, [2018-09-16T21:33:54.773733 #22719]  INFO -- : [b24b16dd-aed6-478e-90c4-400f70959dc2] Started GET "/favicon.ico" for 127.0.0.1 at 2018-09-16 21:33:54 +0200
F, [2018-09-16T21:33:54.774792 #22719] FATAL -- : [b24b16dd-aed6-478e-90c4-400f70959dc2]   
F, [2018-09-16T21:33:54.774861 #22719] FATAL -- : [b24b16dd-aed6-478e-90c4-400f70959dc2] ActionController::RoutingError (No route matches [GET] "/favicon.ico"):
F, [2018-09-16T21:33:54.774905 #22719] FATAL -- : [b24b16dd-aed6-478e-90c4-400f70959dc2]   
F, [2018-09-16T21:33:54.774949 #22719] FATAL -- : [b24b16dd-aed6-478e-90c4-400f70959dc2] actionpack (5.2.1) lib/action_dispatch/middleware/debug_exceptions.rb:65:in `call'
[b24b16dd-aed6-478e-90c4-400f70959dc2] actionpack (5.2.1) lib/action_dispatch/middleware/show_exceptions.rb:33:in `call'
[b24b16dd-aed6-478e-90c4-400f70959dc2] railties (5.2.1) lib/rails/rack/logger.rb:38:in `call_app'
[b24b16dd-aed6-478e-90c4-400f70959dc2] railties (5.2.1) lib/rails/rack/logger.rb:26:in `block in call'
[b24b16dd-aed6-478e-90c4-400f70959dc2] activesupport (5.2.1) lib/active_support/tagged_logging.rb:71:in `block in tagged'
[b24b16dd-aed6-478e-90c4-400f70959dc2] activesupport (5.2.1) lib/active_support/tagged_logging.rb:28:in `tagged'
[b24b16dd-aed6-478e-90c4-400f70959dc2] activesupport (5.2.1) lib/active_support/tagged_logging.rb:71:in `tagged'
[b24b16dd-aed6-478e-90c4-400f70959dc2] railties (5.2.1) lib/rails/rack/logger.rb:26:in `call'
[b24b16dd-aed6-478e-90c4-400f70959dc2] actionpack (5.2.1) lib/action_dispatch/middleware/remote_ip.rb:81:in `call'
[b24b16dd-aed6-478e-90c4-400f70959dc2] actionpack (5.2.1) lib/action_dispatch/middleware/request_id.rb:27:in `call'
[b24b16dd-aed6-478e-90c4-400f70959dc2] rack (2.0.5) lib/rack/method_override.rb:22:in `call'
[b24b16dd-aed6-478e-90c4-400f70959dc2] rack (2.0.5) lib/rack/runtime.rb:22:in `call'
[b24b16dd-aed6-478e-90c4-400f70959dc2] activesupport (5.2.1) lib/active_support/cache/strategy/local_cache_middleware.rb:29:in `call'
[b24b16dd-aed6-478e-90c4-400f70959dc2] actionpack (5.2.1) lib/action_dispatch/middleware/executor.rb:14:in `call'
[b24b16dd-aed6-478e-90c4-400f70959dc2] rack (2.0.5) lib/rack/sendfile.rb:111:in `call'
[b24b16dd-aed6-478e-90c4-400f70959dc2] railties (5.2.1) lib/rails/engine.rb:524:in `call'
[b24b16dd-aed6-478e-90c4-400f70959dc2] puma (3.12.0) lib/puma/configuration.rb:225:in `call'
[b24b16dd-aed6-478e-90c4-400f70959dc2] puma (3.12.0) lib/puma/server.rb:658:in `handle_request'
[b24b16dd-aed6-478e-90c4-400f70959dc2] puma (3.12.0) lib/puma/server.rb:472:in `process_client'
[b24b16dd-aed6-478e-90c4-400f70959dc2] puma (3.12.0) lib/puma/server.rb:332:in `block in run'
[b24b16dd-aed6-478e-90c4-400f70959dc2] puma (3.12.0) lib/puma/thread_pool.rb:133:in `block in spawn_thread'
